<!DOCTYPE html>
<html lang="ja">
  <head>
	<meta charset="UTF-8">
	<meta name="viewport" content="width=device-width, initial-scale=1.0">
	<title>時系列データのための SQL クエリ</title>
	<link rel="stylesheet" href="/css/style.css">
    <link rel="alternate" type="application/rss+xml" href="/index.xml">
  </head>

<body>
  <header>
    <h1>時系列データのための SQL クエリ</h1>
    <time>2017-06-16</time>
  </header>
  <main>
    <article>
	  <p>物事を Event (E) と Resource (R) に分けてモデリングする手法を実践していると、おのずとイベントという時系列データを検索するためのクエリをたくさん書くことになる。時系列データに対するクエリは少し特徴があり、ここでひとつまとめておこうと思う。ここではいくつかの例、方法を紹介するが、よりよい解、または別の解もあると思う。このページで取り上げる SQL はすべて PostgreSQL 9.3 で動作確認している。</p>
<p>次のようなテーブル構成を例にとる。</p>
<pre tabindex="0"><code>CREATE TABLE person (
  id SERIAL PRIMARY KEY
);

CREATE TABLE person_attr_changes (
  id SERIAL PRIMARY KEY,
  person_id INTEGER NOT NULL,
  name VARCHAR NOT NULL,
  birthday DATE NOT NULL,
  created_at TIMESTAMP NOT NULL DEFAULT CURRENT_TIMESTAMP,
  FOREIGN KEY (person_id) REFERENCES person(id)
);
</code></pre><p>人物 (pesron) と、その人物の属性の変更履歴 (person_attr_changes) を持つテーブルを定義している。人物の属性は人物に対して 1 対多の関係となっている。人物の属性を変更すると、person_attr_changes テーブルに <code>UPDATE</code> をかけるのではなく、変更を含む新たなレコードを <code>INSERT</code> することを想定している。birthday が変わることは基本的にはないと思うが、name は苗字の変更などで現実的にありえる。</p>
<p>例えば 2017/6/15 時点での ID=1 (person.id=1) の人物の属性を取得することを考える。person_attr_changes には変更した時点のタイムスタンプとともに属性値が格納されているので、2017/6/15 以前の person_id=1 のレコードのうち、最後のレコードを選択すればよい。もしこの条件に引っかかるレコードがなければ、その時点では ID=1 の人物は存在しなかったことを意味する。</p>
<p>このような「ある条件を満たす集合の中で、最新のレコードを選択する」というのが、イベントデータを扱っていてもっとも頻出するパターンのクエリだった。</p>
<p>2 通りのクエリを考える。</p>
<h2 id="not-exists--相関サブクエリ">NOT EXISTS + 相関サブクエリ</h2>
<pre tabindex="0"><code>SELECT a.*
  FROM person_attr_changes a
 WHERE a.person_id = 1
   AND a.created_at &lt;= '2017-6-15'::date
   AND NOT EXISTS (SELECT *
                     FROM person_attr_changes a2
                    WHERE a2.person_id = 1
                      AND a2.created_at &lt;= '2017-6-15'::date
                      AND a2.created_at &gt; a.created_at)
</code></pre><p>こんな感じになる。この相関サブクエリと <code>NOT EXISTS</code> を使ったクエリは頻出する。というか愛用している。解説は後にするとして、まずはうまく動作していることを確認したい。</p>
<pre tabindex="0"><code>select * from person_attr_changes order by id;
 id | person_id |      name      |  birthday  |     created_at      
----+-----------+----------------+------------+---------------------
  1 |         1 | satou tanaka   | 1980-01-01 | 2017-06-13 00:00:00
  2 |         1 | suzuki tanaka  | 1980-01-01 | 2017-06-14 00:00:00
  3 |         1 | satou tanaka   | 1980-01-01 | 2017-06-16 00:00:00
  4 |         2 | yamamoto inoue | 1988-02-03 | 2017-06-15 00:00:00
(4 rows)
</code></pre><p>person_id=1 の人物は、2017/6/13 に &ldquo;satou tanaka&rdquo; という名前で登録し、2017/6/14 に &ldquo;suzuki tanaka&rdquo; という名前に変更している。さらにその後の 2017/6/16 にはまたもとの &ldquo;satou tanaka&rdquo; という名前に戻している。このようなデータに対し、先ほどのクエリを投げる。言うまでもなく、ここで狙うのは &ldquo;suzuki tanaka&rdquo; のレコード。</p>
<pre tabindex="0"><code>SELECT a.*
  FROM person_attr_changes a
 WHERE a.person_id = 1
   AND a.created_at &lt;= '2017-6-15'::date
   AND NOT EXISTS (SELECT *
                     FROM person_attr_changes a2
                    WHERE a2.person_id = 1
                      AND a2.created_at &lt;= '2017-6-15'::date
                      AND a2.created_at &gt; a.created_at);
 id | person_id |     name      |  birthday  |     created_at      
----+-----------+---------------+------------+---------------------
  2 |         1 | suzuki tanaka | 1980-01-01 | 2017-06-14 00:00:00
(1 row)
</code></pre><p>うまくいった。</p>
<p>このクエリでは person_attr_changes に対して 2 つの <code>SELECT</code> を発行している。いずれにおいても、person_id と created_at に対して同じ条件 (ID=1, 2017/6/15 以前) を与えている。サブクエリのほうではさらに <code>AND a2.created_at &gt; a.created_at</code> を付け加えている。これがキモとなる。これはつまり、<code>person_id = 1 AND created_at &lt;= '2017-6-15'::date</code> を満たす集合から、a.created_at より大きな created_at を持つレコードが存在しないレコード、すなわち最後のレコードを探し出している。</p>
<p>created_at が同一になりうる場合には、厳密にはこれだけではうまくいかない。複数のレコードがとれてくる可能性がある。先ほどのサンプルデータにそのようなデータを追加して試してみる。</p>
<pre tabindex="0"><code>select * from person_attr_changes order by id;
 id | person_id |      name       |  birthday  |     created_at      
----+-----------+-----------------+------------+---------------------
  1 |         1 | satou tanaka    | 1980-01-01 | 2017-06-13 00:00:00
  2 |         1 | suzuki tanaka   | 1980-01-01 | 2017-06-14 00:00:00
  3 |         1 | satou tanaka    | 1980-01-01 | 2017-06-16 00:00:00
  4 |         2 | yamamoto inoue  | 1988-02-03 | 2017-06-15 00:00:00
  5 |         2 | takahashi inoue | 1988-02-03 | 2017-06-15 00:00:00
(5 rows)
</code></pre><p>person_id=2 に created_at が同じレコードがふたつ存在している。</p>
<pre tabindex="0"><code>SELECT a.*
  FROM person_attr_changes a
 WHERE a.person_id = 2
   AND a.created_at &lt;= '2017-6-15'::date
   AND NOT EXISTS (SELECT *
                     FROM person_attr_changes a2
                    WHERE a2.person_id = 2
                      AND a2.created_at &lt;= '2017-6-15'::date
                      AND a2.created_at &gt; a.created_at);
 id | person_id |      name       |  birthday  |     created_at      
----+-----------+-----------------+------------+---------------------
  4 |         2 | yamamoto inoue  | 1988-02-03 | 2017-06-15 00:00:00
  5 |         2 | takahashi inoue | 1988-02-03 | 2017-06-15 00:00:00
(2 rows)
</code></pre><p>両方のレコードがとれてくる。このようなことを防ぎたければ、絶対に重複せず、かつ前後関係を表すことのできる列 (連番が発行される ID など) を条件に加えればよい。PostgreSQL の場合は <code>ORDER BY</code> と <code>LIMIT 1</code> を組み合わせるのがもっともかんたんかもしれない。</p>
<pre tabindex="0"><code>SELECT a.*
  FROM person_attr_changes a
 WHERE a.person_id = 2
   AND a.created_at &lt;= '2017-6-15'::date
   AND NOT EXISTS (SELECT *
                     FROM person_attr_changes a2
                    WHERE a2.person_id = 2
                      AND a2.created_at &lt;= '2017-6-15'::date
                      AND a2.created_at &gt; a.created_at)
 ORDER BY a.id DESC
 LIMIT 1;
 id | person_id |      name       |  birthday  |     created_at      
----+-----------+-----------------+------------+---------------------
  5 |         2 | takahashi inoue | 1988-02-03 | 2017-06-15 00:00:00
(1 row)
</code></pre><p>すでに十分な数 (要件にもよるところがあるが、現実的にはせいぜい 2 レコード程度ではないだろうか) まで絞り込んだあとの集合に対するソートなので、さほどコストはかからない。</p>
<h2 id="order-by--limit-1">ORDER BY + LIMIT 1</h2>
<p>もうひとつの方法として、<code>ORDER BY</code> と <code>LIMIT 1</code> を使った方法を取り上げる。リレーショナルモデルを重んじる身としてはあまり使いたくない方法ではあるのだが、現実的に使わなければならない状況があったりするので、取り上げる。</p>
<p>上であげたクエリを、<code>ORDER BY</code> と <code>LIMIT 1</code> を使うクエリに書き換える。</p>
<pre tabindex="0"><code>SELECT a.*
  FROM person_attr_changes a
 WHERE a.person_id = 1
   AND a.created_at &lt;= '2017-6-15'::date
   AND a.id = (SELECT a2.id
                 FROM person_attr_changes a2
                WHERE a2.person_id = 1
                  AND a2.created_at &lt;= '2017-6-15'::date
                ORDER BY a2.created_at
                LIMIT 1)
</code></pre><p><code>NOT EXISTS</code> と相関サブクエリを使ったクエリと異なるのは、<code>a.id = (SELECT a2.id</code> 以下の部分となる。サブクエリの中で <code>ORDER BY</code> と <code>LIMIT 1</code> を使っている。サブクエリでは、person_id と created_at の条件を満たす集合を created_at の降順で並べ、その最初のレコードの id をスカラー値として選択している。メインクエリ (という呼び名が正しいかどうかは微妙だが) では、このスカラー値を id に持つ person_attr_changes のレコードを選択するような条件となっている。メインクエリでは a.id 以外の条件は必要なさそうに思えるし、実際なくても正しく動作するのだが、手元で試す限り、サブクエリと同じ条件を含んでいるほうが、PostgreSQL はよい実行計画を出力するようだ。</p>
<h2 id="実行計画を見る">実行計画を見る</h2>
<p><code>NOT EXISTS</code> + 相関サブクエリの弱点のひとつが、集合を十分に絞り込めない条件の場合にコストがかかってしまうということ。先の例では person_id と created_at で絞り込んだ集合の中から、created_at が最大のレコードを探しだした。これは person_id と created_at の条件によって、最大のレコードを探し出す集合を十分に絞り込んでいるため、高速に動作する。集合を絞り込む条件がゆるい、つまり集合を十分に絞り込めない場合、おのずと最大レコードを探し出す範囲も広がり、遅くなる。</p>
<p>このような状況でも <code>ORDER BY</code> と <code>LIMIT 1</code> を使ったクエリは高速に動作する。もちろん適切にインデックスをはっておく必要はあるが。ここではその違いを実行計画を見ながら比較していく。</p>
<p>もう少し量の多いデータを例を考える。さすがに 1 人の人物の属性を 100 万回変えるようなことはないと思うので、モデルを変える。センサーによる計測データを蓄積していくようなシナリオを考える。センサーは 1 秒に 1 回程度、計測データを出力する。データベースにはそのすべてをタイムスタンプ付きで記録していく。センサーは複数個存在する。</p>
<pre tabindex="0"><code>CREATE TABLE sensor (
  id SERIAL PRIMARY KEY,
  name VARCHAR NOT NULL
);

CREATE TABLE measure (
  id BIGSERIAL PRIMARY KEY,
  sensor_id INTEGER NOT NULL,
  value VARCHAR NOT NULL,
  created_at TIMESTAMP NOT NULL DEFAULT CURRENT_TIMESTAMP,
  FOREIGN KEY (sensor_id) REFERENCES sensor(id)
);

</code></pre><p>センサーを 100 個、センサーごとに 100 万件ずつの計測データをテストデータとして挿入する。</p>
<pre tabindex="0"><code>INSERT INTO sensor (name) SELECT 'sensor-' || i.v FROM generate_series(1, 100) AS i(v);
INSERT INTO measure (sensor_id, value, created_at)
  SELECT i.v, 'data-' || i.v || '-' || j.v, '2010-1-1'::timestamp + (j.v || ' second')::interval
    FROM generate_series(1, 100) AS i(v)
       , generate_series(1, 1000000) AS j(v);

CREATE INDEX idx_measure_sensor_id ON measure(sensor_id);
CREATE INDEX idx_measure_created_at ON measure(created_at);
</code></pre><p>今回はインデックスをはった。インデックスを使われ方が <code>NOT EXISTS</code> と相関サブクエリを使ったクエリと <code>ORDER BY</code> と <code>LIMIT 1</code> を使ったクエリとで異なるので、その様子を実行計画で見てみたい。</p>
<p>軽くデータを俯瞰する。</p>
<pre tabindex="0"><code>SELECT MIN(created_at), MAX(created_at), COUNT(*) FROM measure;
         min         |         max         |   count   
---------------------+---------------------+-----------
 2010-01-01 00:00:01 | 2010-01-12 13:46:40 | 100000000
(1 row)
</code></pre><p>センサー 15 (sensor.id=15) における 2010/1/10 22:00:00 時点の最新の計測データを取得することを考える。</p>
<p>まずは <code>NOT EXISTS</code> と相関サブクエリを使ったクエリ。</p>
<pre tabindex="0"><code>EXPLAIN ANALYZE
SELECT s.id, s.name, m.value, m.created_at as measured_at
  FROM sensor s
       INNER JOIN measure m ON m.sensor_id = s.id
 WHERE m.sensor_id = 15
   AND m.created_at &lt;= '2010-1-10 22:00:00'
   AND NOT EXISTS (SELECT *
                     FROM measure m2
                    WHERE m2.sensor_id = 15
                      AND m2.created_at &lt;= '2010-1-10 22:00:00'
                      AND m2.created_at &gt; m.created_at);

                                                                           QUERY PLAN                                                                            
-----------------------------------------------------------------------------------------------------------------------------------------------------------------
 Nested Loop  (cost=1.14..306403237.25 rows=550689 width=35) (actual time=11830.748..11858.808 rows=1 loops=1)
   -&gt;  Seq Scan on sensor s  (cost=0.00..2.25 rows=1 width=13) (actual time=0.039..0.046 rows=1 loops=1)
         Filter: (id = 15)
         Rows Removed by Filter: 99
   -&gt;  Nested Loop Anti Join  (cost=1.14..306397728.11 rows=550689 width=26) (actual time=11830.701..11858.752 rows=1 loops=1)
         -&gt;  Index Scan using idx_measure_sensor_id on measure m  (cost=0.57..37734.59 rows=826034 width=26) (actual time=1.074..261.470 rows=856800 loops=1)
               Index Cond: (sensor_id = 15)
               Filter: (created_at &lt;= '2010-01-10 22:00:00'::timestamp without time zone)
               Rows Removed by Filter: 143200
         -&gt;  Index Scan using idx_measure_created_at on measure m2  (cost=0.57..114708675.64 rows=275345 width=8) (actual time=0.013..0.013 rows=1 loops=856800)
               Index Cond: ((created_at &gt; m.created_at) AND (created_at &lt;= '2010-01-10 22:00:00'::timestamp without time zone))
               Filter: (sensor_id = 15)
               Rows Removed by Filter: 14
 Total runtime: 11859.438 ms
(14 rows)
</code></pre><p>次は <code>ORDER BY</code> と <code>LIMIT 1</code> を使ったクエリ。</p>
<pre tabindex="0"><code>EXPLAIN ANALYZE
SELECT s.id, s.name, m.value, m.created_at as measured_at
  FROM sensor s
       INNER JOIN measure m ON m.sensor_id = s.id
 WHERE m.sensor_id = 15
   AND m.created_at &lt;= '2010-1-10 22:00:00'
   AND m.id = (SELECT m2.id
                 FROM measure m2
                WHERE m2.sensor_id = 15
                  AND m2.created_at &lt;= '2010-1-10 22:00:00'
                ORDER BY m2.created_at DESC
                LIMIT 1);

                                                                               QUERY PLAN                                                                               
------------------------------------------------------------------------------------------------------------------------------------------------------------------------
 Nested Loop  (cost=414.84..425.12 rows=1 width=35) (actual time=0.205..0.217 rows=1 loops=1)
   InitPlan 1 (returns $0)
     -&gt;  Limit  (cost=0.57..414.27 rows=1 width=16) (actual time=0.163..0.163 rows=1 loops=1)
           -&gt;  Index Scan Backward using idx_measure_created_at on measure m2  (cost=0.57..341732696.43 rows=826034 width=16) (actual time=0.161..0.161 rows=1 loops=1)
                 Index Cond: (created_at &lt;= '2010-01-10 22:00:00'::timestamp without time zone)
                 Filter: (sensor_id = 15)
                 Rows Removed by Filter: 85
   -&gt;  Seq Scan on sensor s  (cost=0.00..2.25 rows=1 width=13) (actual time=0.022..0.033 rows=1 loops=1)
         Filter: (id = 15)
         Rows Removed by Filter: 99
   -&gt;  Index Scan using measure_pkey on measure m  (cost=0.57..8.59 rows=1 width=26) (actual time=0.011..0.012 rows=1 loops=1)
         Index Cond: (id = $0)
         Filter: ((created_at &lt;= '2010-01-10 22:00:00'::timestamp without time zone) AND (sensor_id = 15))
 Total runtime: 0.285 ms
(14 rows)
</code></pre><p><code>EXPLAIN ANALYZE</code> なので実際にクエリを発行し、そのときの実行計画および処理時間、行数などが出力されている。Total runtime を見ると速度の違いは一目瞭然。圧倒的に後者が速い。</p>
<p>前者では、まず <code>m.created_at &lt;= '2010-1-10 22:00:00'</code> で引っ掛ける集合を <code>Index Scan using idx_measure_created_at</code> で集めている。これを満たすレコードは <code>rows=856800</code> にあるとおり、たくさんある。これを次の <code>Index Scan using idx_measure_created_at on measure m2</code> の条件に含めている。これらを <code>Nested Loop Anti Join</code> で結合するため、ループの回数は <code>loops=856800</code> となっている。つまり 2010-1-10 22:00:00 以前のレコード 856800 件を探すために一度スキャンし、さらにこの中から最大の created_at を持つレコードを探すために 856800 回ループしている。擬似コードに落とすとこんな感じ:</p>
<pre tabindex="0"><code>m = find_by(created_at &lt;= '2010-1-10 22:00:00')  // m.length=856800
max = m[0]  // max が所望のレコード
for (m2 in m[1..])
  if m2.created_at &gt; max.created_at
    max = m2
</code></pre><p>後者はもっとかんたん。<code>Index Scan Backward using idx_measure_created_at</code> によってインデックスを逆順にさかのぼり、<code>ORDER BY created_at DESC</code> と <code>LIMIT 1</code> によって引っ掛けたいレコードを即座に見つけている。そこから芋づる式に必要なデータを集めている。目的の measure レコードの特定に手間がかからないので速い。</p>
<h2 id="他の例">他の例</h2>
<p>他のバリエーションのクエリを考えてみる。モデルはセンサー、計測データのほうを使う。</p>
<p>センサーごとの最新の計測データを求めてみる。<code>ORDER BY</code>, <code>LIMIT 1</code> の手法であればかんたん。</p>
<pre tabindex="0"><code>SELECT m.*
  FROM measure m
       INNER JOIN (SELECT (SELECT m2.id
                             FROM measure m2
                            WHERE m2.sensor_id = s.id
                            ORDER BY m2.created_at DESC
                            LIMIT 1) AS id
                     FROM sensor s) x
         ON m.id = x.id
</code></pre><p>センサーごとの最新の measure.id を INNER JOIN の結合対象としているサブクエリで列挙する。レコード数の少ない sensor で駆動しているので、measure をスキャンする回数を抑えられる。これと measure を結合し、所望の計測データの集合を得る。一番内側のクエリに created_at に対する条件をつければ、ある時点におけるセンサーごとの最後の計測データを取得できる。</p>
<p>センサー 30 (sensor.id=30) の 2010-1-5 における計測値の最小値と最大値、およびそれぞれの計測日時。同じ値を複数計測していれば、それらすべてを選択する。</p>
<pre tabindex="0"><code>SELECT m.*, 'max' AS typ
  FROM measure m
 WHERE m.sensor_id = 30
   AND m.created_at BETWEEN '2010-1-5' AND '2010-1-5 23:59:59'
   AND NOT EXISTS (SELECT * FROM measure m2
                    WHERE m2.sensor_id = 30
                      AND m2.created_at BETWEEN '2010-1-5' AND '2010-1-5 23:59:59'
                      AND m2.value &gt; m.value)
UNION ALL
SELECT m.*, 'min' AS typ
  FROM measure m
 WHERE m.sensor_id = 30
   AND m.created_at BETWEEN '2010-1-5' AND '2010-1-5 23:59:59'
   AND NOT EXISTS (SELECT * FROM measure m2
                    WHERE m2.sensor_id = 30
                      AND m2.created_at BETWEEN '2010-1-5' AND '2010-1-5 23:59:59'
                      AND m2.value &lt; m.value)
</code></pre><p>考え方は <code>NOT EXISTS</code> と相関サブクエリを使った手法を、ほとんどそのまま適用している。m2.value と m.value を、最大、最小それぞれの文脈に応じて比較している点が、これまでの例と異なっている。残念ながらこのクエリは遅くて使い物にならない。遅い原因はすでに解説した通り。</p>
<hr>
<p>個人的にお気に入りの手法であるところの <code>NOT EXISTS</code> と相関サブクエリを使った方法に不利な結論に至ってしまった。この手法のいいところは、SQL 標準機能だけを使っているということ。最近では <code>LIMIT</code> 相当の機能も標準化されている (<code>FETCH FIRST ...</code>) ものの、古い環境では使えない。LIMIT は SQL 標準に含まれないので、使えない環境もある (Oracle とか)。そんなときには <code>NOT EXISTS</code> と相関サブクエリを使った手法が役に立つ。Oracle の場合は <code>LIMIT</code> を使うのと似た方法で <code>ROWNUM</code> を使う方法も考えられるが、ここでは省略する。</p>
<p>しかしまぁ、<code>LIMIT</code> (およびそれ相当の機能) が使える環境であれば、おとなしく <code>ORDER BY</code> と <code>LIMIT 1</code> を使った方法のほうがいいんじゃないだろうか。パフォーマンスもよいし、わりとかんたんに理解できる点もポイントが高い。順序付ける項目が重複した場合の例外処理も <code>LIMIT 1</code> によっておのずとカバーできる。リレーショナルモデル的には美しくない (個人の感想) けど、それは目を瞑れば済む話 (悲)。</p>

    </article>
  </main>
  <footer><a href="https://kazkn.com/">&laquo; Back to top</a></footer>
</body>
</html>
